=== AmazonQ Typing Game AWS削除ログ ===
日時: 2025-08-02 10:00:00 UTC
プロジェクト: AmazonQ_Typing_Games
操作者: YukiSunaoka (AWSプロファイル)

=== 削除対象リソース（ログから確認） ===
- CloudFormationスタック: amazonq-typing-game
- S3バケット: amazonq-typing-game-dev-835371233285
- CloudFront Distribution ID: E209IWNDQ7RE89
- IAMロール: AmazonQTypingGame-DeploymentRole-dev
- リージョン: ap-northeast-1

=== 削除実行ログ ===

[10:26:25] CloudFormationスタック削除開始
コマンド: aws cloudformation delete-stack --stack-name amazonq-typing-game --profile YukiSunaoka --region ap-northeast-1
結果: 削除開始成功

[10:26:29] S3バケットポリシー削除完了
リソース: GameBucketPolicy
状態: DELETE_COMPLETE

[10:26:39] IAMロール削除完了
リソース: DeploymentRole (AmazonQTypingGame-DeploymentRole-dev)
状態: DELETE_COMPLETE

[10:30:55] CloudFrontディストリビューション削除完了
リソース: GameDistribution (E209IWNDQ7RE89)
状態: DELETE_COMPLETE
削除時間: 約4分30秒

[10:30:58] Origin Access Control削除完了
リソース: OriginAccessControl (E321H6IDCPZK11)
状態: DELETE_COMPLETE

=== 削除失敗と対処 ===

[10:30:57] S3バケット削除失敗
リソース: GameBucket (amazonq-typing-game-dev-835371233285)
エラー: "The bucket you tried to delete is not empty"
原因: バケット内にファイルが残存

残存ファイル:
- index.html (3,048 bytes)
- script.js (18,588 bytes)
- style.css (4,674 bytes)

[10:31:00] 手動対処実行
操作: S3バケット内オブジェクト削除
コマンド: aws s3api delete-objects --bucket amazonq-typing-game-dev-835371233285 --delete '{"Objects":[{"Key":"index.html"},{"Key":"script.js"},{"Key":"style.css"}]}'
結果: 全ファイル削除成功

[10:31:10] CloudFormationスタック削除再実行
コマンド: aws cloudformation delete-stack --stack-name amazonq-typing-game --profile YukiSunaoka --region ap-northeast-1
結果: 削除開始成功

[10:31:20] 最終確認
コマンド: aws cloudformation describe-stacks --stack-name amazonq-typing-game
結果: "Stack with id amazonq-typing-game does not exist"
状態: 削除完了

=== 削除完了サマリー ===

✅ 削除成功リソース:
- CloudFormationスタック: amazonq-typing-game
- S3バケット: amazonq-typing-game-dev-835371233285
- CloudFrontディストリビューション: E209IWNDQ7RE89
- Origin Access Control: E321H6IDCPZK11
- IAMロール: AmazonQTypingGame-DeploymentRole-dev
- S3バケットポリシー: GameBucketPolicy

⏱️ 削除所要時間: 約5分
💰 課金停止: 完了
🗑️ リソースクリーンアップ: 完了

=== 学んだポイント ===

1. **S3バケット削除の注意点**:
   - CloudFormationでS3バケットを削除する前に、バケット内のオブジェクトを手動削除する必要がある
   - 空でないバケットは削除に失敗する

2. **CloudFrontディストリビューション削除**:
   - 削除には通常4-5分程度の時間がかかる
   - 削除中は "InProgress" 状態になる

3. **削除順序**:
   - S3バケットポリシー → IAMロール → CloudFront → Origin Access Control → S3バケット
   - 依存関係に基づいて自動的に順序が決定される

4. **エラーハンドリング**:
   - 削除失敗時は詳細なエラーメッセージを確認
   - 手動対処後に削除を再実行することで解決可能

=== 次回への改善提案 ===

1. **デプロイスクリプト改善**:
   - S3バケット削除前の自動クリーンアップ機能を追加
   - 削除確認プロンプトの実装

2. **CloudFormationテンプレート改善**:
   - S3バケットの DeletionPolicy を設定
   - バケット削除時の自動オブジェクト削除機能を検討

3. **監視・ログ機能**:
   - 削除プロセスの自動ログ記録
   - 削除完了通知機能の実装

=== 最終状態 ===
- AWSリソース: 全削除完了
- 課金: 停止
- プロジェクト: ローカルファイルのみ残存
- 次回デプロイ: ./deploy.sh で再デプロイ可能

ログ保存日時: 2025-08-02 10:35:00 UTC
操作完了: 正常終了
